#
# There is insufficient memory for the Java Runtime Environment to continue.
# Native memory allocation (mmap) failed to map 264241152 bytes for Failed to commit area from 0x0000000705000000 to 0x0000000714c00000 of length 264241152.
# Possible reasons:
#   The system is out of physical RAM or swap space
#   The process is running with CompressedOops enabled, and the Java Heap may be blocking the growth of the native heap
# Possible solutions:
#   Reduce memory load on the system
#   Increase physical memory or swap space
#   Check if swap backing store is full
#   Decrease Java heap size (-Xmx/-Xms)
#   Decrease number of Java threads
#   Decrease Java thread stack sizes (-Xss)
#   Set larger code cache with -XX:ReservedCodeCacheSize=
# This output file may be truncated or incomplete.
#
#  Out of Memory Error (./src/hotspot/os/windows/os_windows.cpp:3303), pid=13616, tid=5496
#
# JRE version:  (11.0.9+11) (build )
# Java VM: OpenJDK 64-Bit Server VM (11.0.9+11-b944.49, mixed mode, sharing, tiered, compressed oops, g1 gc, windows-amd64)
# No core dump will be written. Minidumps are not enabled by default on client versions of Windows
#

---------------  S U M M A R Y ------------

Command Line: org.jetbrains.git4idea.http.GitAskPassApp Username for 'https://github.com': 

Host: Intel(R) Core(TM) i5-3320M CPU @ 2.60GHz, 4 cores, 15G,  Windows 10 , 64 bit Build 18362 (10.0.18362.1110)
Time: Sat Dec 12 18:32:17 2020 Srodkowoeuropejski czas stand. elapsed time: 0.017731 seconds (0d 0h 0m 0s)

---------------  T H R E A D  ---------------

Current thread (0x000001ee1095c000):  JavaThread "Unknown thread" [_thread_in_vm, id=5496, stack(0x000000844f500000,0x000000844f600000)]

Stack: [0x000000844f500000,0x000000844f600000]
Native frames: (J=compiled Java code, j=interpreted, Vv=VM code, C=native code)
V  [jvm.dll+0x5ed32a]
V  [jvm.dll+0x722655]
V  [jvm.dll+0x723bad]
V  [jvm.dll+0x724263]
V  [jvm.dll+0x242cc8]
V  [jvm.dll+0x5ea7e4]
V  [jvm.dll+0x5df8f5]
V  [jvm.dll+0x2fe2db]
V  [jvm.dll+0x2fe24a]
V  [jvm.dll+0x2fe122]
V  [jvm.dll+0x302ff6]
V  [jvm.dll+0x34b703]
V  [jvm.dll+0x34be06]
V  [jvm.dll+0x34b803]
V  [jvm.dll+0x2d8f98]
V  [jvm.dll+0x2da137]
V  [jvm.dll+0x7013c7]
V  [jvm.dll+0x702bbc]
V  [jvm.dll+0x358cb9]
V  [jvm.dll+0x6e4e9e]
V  [jvm.dll+0x3c1083]
V  [jvm.dll+0x3c3231]
C  [jli.dll+0x5373]
C  [ucrtbase.dll+0x210b2]
C  [KERNEL32.DLL+0x17c24]
C  [ntdll.dll+0x6d4d1]


---------------  P R O C E S S  ---------------

Threads class SMR info:
_java_thread_list=0x000001ee0e7dc880, length=0, elements={
}

Java Threads: ( => current thread )

Other Threads:
  0x000001ee10977000 GCTaskThread "GC Thread#0" [stack: 0x000000844f600000,0x000000844f700000] [id=7948]
  0x000001ee109d0800 ConcurrentGCThread "G1 Main Marker" [stack: 0x000000844f700000,0x000000844f800000] [id=12412]
  0x000001ee109d2000 ConcurrentGCThread "G1 Conc#0" [stack: 0x000000844f800000,0x000000844f900000] [id=9744]

[error occurred during error reporting (printing all threads), id 0xc0000005, EXCEPTION_ACCESS_VIOLATION (0xc0000005) at pc=0x00007ffc3d219537]

VM state:not at safepoint (not fully initialized)

VM Mutex/Monitor currently owned by a thread:  ([mutex/lock_event])
[0x000001ee10958fe0] Heap_lock - owner thread: 0x000001ee1095c000

Heap address: 0x0000000705000000, size: 4016 MB, Compressed Oops mode: Non-zero based: 0x0000000705000000
Narrow klass base: 0x0000000000000000, Narrow klass shift: 0

GC Heap History (0 events):
No events

Deoptimization events (0 events):
No events

Classes redefined (0 events):
No events

Internal exceptions (0 events):
No events

Events (1 events):
Event: 0.010 Loaded shared library C:\Program Files\JetBrains\IntelliJ IDEA Community Edition 2020.1.4\jbr\bin\zip.dll


Dynamic libraries:
0x00007ff68af20000 - 0x00007ff68af2a000 	C:\Program Files\JetBrains\IntelliJ IDEA Community Edition 2020.1.4\jbr\bin\java.exe
0x00007ffc7d140000 - 0x00007ffc7d330000 	C:\WINDOWS\SYSTEM32\ntdll.dll
0x00007ffc7bd50000 - 0x00007ffc7be02000 	C:\WINDOWS\System32\KERNEL32.DLL
0x00007ffc7ae30000 - 0x00007ffc7b0d5000 	C:\WINDOWS\System32\KERNELBASE.dll
0x00007ffc77110000 - 0x00007ffc7719f000 	C:\WINDOWS\SYSTEM32\apphelp.dll
0x00007ffc7a0b0000 - 0x00007ffc7a1aa000 	C:\WINDOWS\System32\ucrtbase.dll
0x00007ffc6a300000 - 0x00007ffc6a317000 	C:\Program Files\JetBrains\IntelliJ IDEA Community Edition 2020.1.4\jbr\bin\VCRUNTIME140.dll
0x00007ffc68900000 - 0x00007ffc68919000 	C:\Program Files\JetBrains\IntelliJ IDEA Community Edition 2020.1.4\jbr\bin\jli.dll
0x00007ffc7caa0000 - 0x00007ffc7cc34000 	C:\WINDOWS\System32\USER32.dll
0x00007ffc63d20000 - 0x00007ffc63fa4000 	C:\WINDOWS\WinSxS\amd64_microsoft.windows.common-controls_6595b64144ccf1df_6.0.18362.1256_none_9e7e379be45e40e2\COMCTL32.dll
0x00007ffc7aa40000 - 0x00007ffc7aa61000 	C:\WINDOWS\System32\win32u.dll
0x00007ffc7c720000 - 0x00007ffc7c7be000 	C:\WINDOWS\System32\msvcrt.dll
0x00007ffc7ca70000 - 0x00007ffc7ca96000 	C:\WINDOWS\System32\GDI32.dll
0x00007ffc7cca0000 - 0x00007ffc7cfd6000 	C:\WINDOWS\System32\combase.dll
0x00007ffc7aa70000 - 0x00007ffc7ac06000 	C:\WINDOWS\System32\gdi32full.dll
0x00007ffc7b200000 - 0x00007ffc7b320000 	C:\WINDOWS\System32\RPCRT4.dll
0x00007ffc7ac10000 - 0x00007ffc7acae000 	C:\WINDOWS\System32\msvcp_win.dll
0x00007ffc7b0e0000 - 0x00007ffc7b161000 	C:\WINDOWS\System32\bcryptPrimitives.dll
0x00007ffc7ba90000 - 0x00007ffc7babe000 	C:\WINDOWS\System32\IMM32.DLL
0x00007ffc520f0000 - 0x00007ffc5218d000 	C:\Program Files\JetBrains\IntelliJ IDEA Community Edition 2020.1.4\jbr\bin\msvcp140.dll
0x00007ffc3cf30000 - 0x00007ffc3d9fe000 	C:\Program Files\JetBrains\IntelliJ IDEA Community Edition 2020.1.4\jbr\bin\server\jvm.dll
0x00007ffc7cfe0000 - 0x00007ffc7d083000 	C:\WINDOWS\System32\ADVAPI32.dll
0x00007ffc7be10000 - 0x00007ffc7bea7000 	C:\WINDOWS\System32\sechost.dll
0x00007ffc7bc70000 - 0x00007ffc7bc78000 	C:\WINDOWS\System32\PSAPI.DLL
0x00007ffc579d0000 - 0x00007ffc579d9000 	C:\WINDOWS\SYSTEM32\WSOCK32.dll
0x00007ffc77010000 - 0x00007ffc77034000 	C:\WINDOWS\SYSTEM32\WINMM.dll
0x00007ffc6da80000 - 0x00007ffc6da8a000 	C:\WINDOWS\SYSTEM32\VERSION.dll
0x00007ffc7d090000 - 0x00007ffc7d0ff000 	C:\WINDOWS\System32\WS2_32.dll
0x00007ffc76eb0000 - 0x00007ffc76edd000 	C:\WINDOWS\SYSTEM32\winmmbase.dll
0x00007ffc7a9f0000 - 0x00007ffc7aa3a000 	C:\WINDOWS\System32\cfgmgr32.dll
0x00007ffc7a060000 - 0x00007ffc7a071000 	C:\WINDOWS\System32\kernel.appcore.dll
0x00007ffc72700000 - 0x00007ffc72711000 	C:\Program Files\JetBrains\IntelliJ IDEA Community Edition 2020.1.4\jbr\bin\verify.dll
0x00007ffc78740000 - 0x00007ffc78934000 	C:\WINDOWS\SYSTEM32\DBGHELP.DLL
0x00007ffc6dc00000 - 0x00007ffc6dc2a000 	C:\WINDOWS\SYSTEM32\dbgcore.DLL
0x00007ffc6e670000 - 0x00007ffc6e699000 	C:\Program Files\JetBrains\IntelliJ IDEA Community Edition 2020.1.4\jbr\bin\java.dll
0x00007ffc739a0000 - 0x00007ffc739ab000 	C:\Program Files\JetBrains\IntelliJ IDEA Community Edition 2020.1.4\jbr\bin\jimage.dll
0x00007ffc726e0000 - 0x00007ffc726f8000 	C:\Program Files\JetBrains\IntelliJ IDEA Community Edition 2020.1.4\jbr\bin\zip.dll

dbghelp: loaded successfully - version: 4.0.5 - missing functions: none
symbol engine: initialized successfully - sym options: 0x614 - pdb path: .;C:\Program Files\JetBrains\IntelliJ IDEA Community Edition 2020.1.4\jbr\bin;C:\WINDOWS\SYSTEM32;C:\WINDOWS\WinSxS\amd64_microsoft.windows.common-controls_6595b64144ccf1df_6.0.18362.1256_none_9e7e379be45e40e2;C:\Program Files\JetBrains\IntelliJ IDEA Community Edition 2020.1.4\jbr\bin\server

VM Arguments:
java_command: org.jetbrains.git4idea.http.GitAskPassApp Username for 'https://github.com': 
java_class_path (initial): C:/Program Files/JetBrains/IntelliJ IDEA Community Edition 2020.1.4/plugins/git4idea/lib/git4idea-rt.jar;C:/Program Files/JetBrains/IntelliJ IDEA Community Edition 2020.1.4/lib/xmlrpc-2.0.1.jar;C:/Program Files/JetBrains/IntelliJ IDEA Community Edition 2020.1.4/lib/commons-codec-1.14.jar
Launcher Type: SUN_STANDARD

[Global flags]
     intx CICompilerCount                          = 3                                         {product} {ergonomic}
     uint ConcGCThreads                            = 1                                         {product} {ergonomic}
     uint G1ConcRefinementThreads                  = 4                                         {product} {ergonomic}
   size_t G1HeapRegionSize                         = 1048576                                   {product} {ergonomic}
    uintx GCDrainStackTargetSize                   = 64                                        {product} {ergonomic}
   size_t InitialHeapSize                          = 264241152                                 {product} {ergonomic}
   size_t MarkStackSize                            = 4194304                                   {product} {ergonomic}
   size_t MaxHeapSize                              = 4211081216                                {product} {ergonomic}
   size_t MinHeapDeltaBytes                        = 1048576                                   {product} {ergonomic}
    uintx NonNMethodCodeHeapSize                   = 5830732                                {pd product} {ergonomic}
    uintx NonProfiledCodeHeapSize                  = 122913754                              {pd product} {ergonomic}
    uintx ProfiledCodeHeapSize                     = 122913754                              {pd product} {ergonomic}
    uintx ReservedCodeCacheSize                    = 251658240                              {pd product} {ergonomic}
     bool SegmentedCodeCache                       = true                                      {product} {ergonomic}
     bool UseCompressedClassPointers               = true                                 {lp64_product} {ergonomic}
     bool UseCompressedOops                        = true                                 {lp64_product} {ergonomic}
     bool UseG1GC                                  = true                                      {product} {ergonomic}
     bool UseLargePagesIndividualAllocation        = false                                  {pd product} {ergonomic}

Logging:
Log output configuration:
 #0: stdout all=warning uptime,level,tags
 #1: stderr all=off uptime,level,tags

Environment Variables:
PATH=C:\Program Files\Git\mingw64\libexec\git-core;C:\Program Files\Git\mingw64\libexec\git-core;C:\Program Files\Git\mingw64\bin;C:\Program Files\Git\usr\bin;C:\Users\dim\bin;C:\Program Files (x86)\VMware\VMware Player\bin;C:\Program Files\AdoptOpenJDK\jdk-14.0.1.7-hotspot\bin;C:\Program Files\AdoptOpenJDK\jdk-11.0.7.10-hotspot\bin;C:\Program Files\AdoptOpenJDK\jdk-8.0.252.09-hotspot\bin;C:\WINDOWS\system32;C:\WINDOWS;C:\WINDOWS\System32\Wbem;C:\WINDOWS\System32\WindowsPowerShell\v1.0;C:\WINDOWS\System32\OpenSSH;C:\Program Files\Intel\WiFi\bin;C:\Program Files\Common Files\Intel\WirelessCommon;C:\Program Files\Git\cmd;C:\Program Files\Graphviz 2.44.1\bin;C:\Program Files\MySQL\MySQL Utilities 1.6;C:\Program Files\nodejs;C:\Program Files\MySQL\MySQL Shell 8.0\bin;C:\Users\dim\AppData\Local\Microsoft\WindowsApps;C:\Program Files\Intel\WiFi\bin;C:\Program Files\Common Files\Intel\WirelessCommon;C:\Program Files\Microsoft VS Code\bin;C:\Program Files\Graphviz 2.44.1\bin;C:\Program Files\JetBrains\IntelliJ IDEA Community Edition 2020.1.4\bin;C:\Program Files\wget;C:\Users\dim\AppData\Roaming\npm;C:\Program Files\JetBrains\IntelliJ IDEA 2020.2.3\bin;C:\Program Files\JetBrains\WebStorm 2020.2.3\bin
USERNAME=dim
DISPLAY=:0.0
LC_ALL=en_US.UTF-8
OS=Windows_NT
PROCESSOR_IDENTIFIER=Intel64 Family 6 Model 58 Stepping 9, GenuineIntel



---------------  S Y S T E M  ---------------

OS: Windows 10 , 64 bit Build 18362 (10.0.18362.1110)
OS uptime: 1 days 7:45 hours

CPU:total 4 (initial active 4) (2 cores per cpu, 2 threads per core) family 6 model 58 stepping 9, cmov, cx8, fxsr, mmx, sse, sse2, sse3, ssse3, sse4.1, sse4.2, popcnt, avx, aes, clmul, erms, ht, tsc, tscinvbit, tscinv

Memory: 4k page, system-wide physical 16061M (4664M free)
TotalPageFile size 17085M (AvailPageFile size 261M)
current process WorkingSet (physical memory assigned to process): 10M, peak: 10M
current process commit charge ("private bytes"): 52M, peak: 304M

vm_info: OpenJDK 64-Bit Server VM (11.0.9+11-b944.49) for windows-amd64 JRE (11.0.9+11-b944.49), built on Nov 21 2020 13:01:57 by "" with MS VC++ 14.0 (VS2015)

END.
